<?xml version="1.0" encoding="UTF-8"?>
<!-- Generated by org.testng.reporters.JUnitXMLReporter -->
<testsuite hostname="INPNQRS172" ignored="0" name="Default test" tests="2" failures="0" timestamp="2021-03-21T20:33:35 IST" time="4.787" errors="0">
  <testcase name="verifyGetAllSBDBClosedApproachData" time="2.512" classname="com.sbdb.apiTest.SBDBClosedApproachDataTestSuite"/>
  <testcase name="verifySBDBResponseDateFilteredWithinDateRange" time="1.938" classname="com.sbdb.apiTest.SBDBClosedApproachDataTestSuite"/>
</testsuite> <!-- Default test -->
